
> magicmirror@2.1.1 start /home/pi/MagicMirror
> sh run-start.sh

Starting MagicMirror: v2.1.1
Loading config ...
Loading module helpers ...
No helper found for module: alert.
Initializing new module helper ...
Module helper loaded: updatenotification
Initializing new module helper ...
Module helper loaded: bleEchoTst
No helper found for module: clock.
Initializing new module helper ...
Module helper loaded: calendar
No helper found for module: compliments.
No helper found for module: currentweather.
No helper found for module: weatherforecast.
Initializing new module helper ...
Module helper loaded: newsfeed
All module helpers loaded.
Starting server on port 8080 ... 
Starting server op port 8080 ... 
Server started ...
Connecting socket for: updatenotification
Connecting socket for: bleEchoTst
BLE helper started ...
Connecting socket for: calendar
Starting node helper for: calendar
Connecting socket for: newsfeed
Starting module: newsfeed
Sockets connected & modules started ...
Launching application.
